Case #1: a****a*aaaaca *b*ab*bcaaaab
FALSE
Case #2: aa**aa***aaaa **b**a*aabbab
TRUE
Case #3: aaa***aa**aaa **a***aaaabaa
TRUE
Case #4: **c**a*aaabaa ***a*aa*baaaa
TRUE
Case #5: ***a**cabaabb **a**a*baaaaa
FALSE
Case #6: ***a*aa*abbab a*****aaaaaba
FALSE
Case #7: a**baac***aaa *baaa***a*aab
FALSE
Case #8: ***a*bcaaa*ab acaaa***b**ca
FALSE
Case #9: b*a*ba*b**aab ****aaba*aaaa
FALSE
Case #10: ab***b*ab*aaa b*a****abaaaa
FALSE
Case #11: FqiRCrwDxqgRoxlKiazMwSqnBPZLqDkvtsoXkKAhBgapDKblkAZHSOUTE*tFuwpQQhfN*TyGxjHISHhAaWWTaOZvmomCvQPngDLxxkeuSld*LslMsGiLHXKdIyOlTFbGLe*mvUXZhpJTHqctYyDAicpSwUUdhZWpbYCWtzUaPETXWvrttUUBxJvTFPXmoS* FqiRCrwDxqgRoxlKiazMwSqnBPZLqDkvtsoXkKAhBgapDKblkAZHSOUTEtFuwpQQhfNr*NZqTyGxjHISHhAaWWTaOZvmomC**LxxkeuSldLslMs*HXKdIyOlTFbGLesIBcmvUXZhpJTHqctYyDAicp*UUdhZWpbYCWtzUaPETXWvrttUUBxJvTFPXmoS
FALSE
Case #12: ZwcPMOqOhAiOSzEEODlZwDEpQRLkkWJjsMZEbPtiPbwjAbnqfYpBb*qSmCCWYmfPyDvzSohJqDSqfFGkDwlFqbYcDAYbMCRLgnlabtjrwBIbhOKkKWPAxNCbNadBCu*jhYIiQrANSIoz*vaISNmUCLxDpRPYZNGhf*pGP*dZDWNPqPCnSrfIODWvlA *ZwcPMOqOhA*O*EODlZwDEpQRLkkWJjsMZEbPtiPbwjAbnqfYpBbuqSmCCWYmfPyDvzSohJqDSqfFGkDwlFqbYcDAYbMCRLgnlabtjrwBIbhOKkKWPAxNCbNadBCuMjhYIiQrANSIozXaJIvaISNmUCLxDpRPYZNGhfYh*sqp*GZUdZDWNPqPCnSrfIODWvlA
FALSE
Case #13: SfIyA**ceEUdjCWofTJpphWeSzwdBfkOxpyXqryTvtXEXssBndR*CnCGOHqeFGCcwtAqPU*MTrgnSSqkUayBDlEJaLaDrggtcausPpFjglwyeMJZnHaQSEAsraXihCcjCwcRlHcrSyPwLZUZGUpZapsQpOZWrbFUXhMio*NPdZoYxvsmusBmjqbIMSjRNhya SfI*eEUdjCWofTJpphWeSzwdBfkOxpyXqryTvtX*BndRCknGCnCGOHqeFGCcwtAqPUMTrgnSSqkU*BDlEJaLa*gtcausPpFjglwyeMJZnHaQSEAsraXihCcjCwcRlHcrSyPwLZUZGUpZapsQpOZWrbFUXhM*GNPdZoYxvsmusBmjqbIMSjRNhya
FALSE
Case #14: gSifWnvS*WW*ODfvrpnxqwSFPlxwQ*QevmrQgXazzWvkkyPfPEsnUOgAfryBHOFdbwTGutgtpbdzzsepXxCSmJSQAQsjFYmhvGNpaUiPvlOvETKbrNtdXnUxDMgJlSQGz*vZZDovoDQsxbuoONQLAlJEZPokIfqHJLH*vEdZUwWvqklDBwEMgjLXxvfCLNLX gSifWnvSF*JTBWWlO*pnxqwSFPlxwQQevmrQgXazzWvkkyPfPEsnUOgAfryBHOFdbwTGutgtpbdzzsepXxCSmJSQAQsjFYmhvGNpaUiPvlOvETK*NtdXnUxDMgJ*QGzEvZZDovoDQsxbuoONQLAlJEZPokIf*JLHjOvEdZUwWvqklDBwEMgjLXxvfCLNLX
FALSE
Case #15: aaaababa*a*** *bb**aa**baaa
FALSE
Case #16: c*aa*a*aa**aa b**ab***aacaa
FALSE
Case #17: bb*aaaaa*ba** *baabb*b*aaaa
FALSE
Case #18: aa*bb*b***cba *baaccaa**ac*
FALSE
Case #19: iLbbgWHirGPDzqfeBxLbrczCxF*LlwUXxvDSdlJjbnjQRMtOzugBTIaanfLycgvzCySfJCOKqYcH*pDmIMLIaqvysBt*jCnYNdvPLgKIramdIyORyfnwYoqqsjbblNyyRTNdayLQYxTHXiZUNmsLaIBsrcSc*KOklNvcLTwSqeRl*ddElewcgqfw iLbbgWHirGPDzqfeBxLbrczCxFeFLlwU*DSdlJjbnjQRMtOzugBTIaanfLycgvzCySfJC*OKqYcHKvxkpDmIMLIaqvysBtsDSljCnYNdvPLgKIramdIyORyfnwYoqqsjbblNyyRTNdayLQ*YxTHXiZUNmsLaIBsrcScPrbh*KOklNvcLTwSqeRlReddElewcgqfw*
FALSE
Case #20: tLlgFmmohJIXxilSutTLRCEwydOkAIKuuvAaIMNpWxmtfxmzqFliHqfhStQucbOWwOwfBJTxhhqL*eDmvIXdrniYhbobdppzLeWrfFlCnRsZwvlrfjuwWduCeIdH*YRhjvCa*CvdWvzrgQwOmslOMNsUrzsjgCfIcFRN*REirvOISDulOjydb*tuBMdHOirQoIf *tLlgFmmohJIX*lSut*EwydOkAIKuuvAaIMNpWxm*mzqFliHqfhStQucbOWwOwfBJTxhhqLeDmvIXdrniYhbobdppzLeWrfFlCnRsZwvlrfjuwWduCeIdHYRhjvCaAiLCvdWvzrgQwOmslOMNsUrzsjgCfIcFRNIMREirvOISDulOjydbtuBMdHOirQoIf*
FALSE
Case #21: HPiWUOeah*DFWEhYhQQHGjGkXEnuLCchxqmYyodesGkpKrMrHdzNmg*jkldWNfeLwPJueMYwSil*vGcUTp*SYKecgsGkeCznwDzv*dlUdJPjmKeblXZvAACSimwkMjHPidqaFcvILlsYXWyHSyDSZgmGRIREsZvABlbhMwqzhIXDEwmXupPSvcAnlRsDQ HPiWUOeah*CFFEDFWEhYhQQHGjGkXEnuLCchxqmYyodesGkpKrMrHdzNmgYjkldWNfeLwPJu*eMYwSildZZvGcUTpASYKecgsGkeCznwDzvARdlUdJPjmKeblXZvAACSimwkMjHPidqaFcvILlsYXWyHSyDSZ*G*REsZvABlbhMwqzhIXDEwmXupPSvcAnlRsDQ*
FALSE
Case #22: FNWftb*qWlQrOnwfIitvUrAPUfH*fCRyDMExCaISsXhOdPXwmsnmiIQqaydfbveF*kIKdbHJpkAnGmfuynCqdCOhhpClukTXuDHXePHuaHhhTmBsZeiCgwJnMLzhvSEpWmmbctUdbBkunlnmOvoUsYHfjhLeb*dgxfZRHbtrUGcitqEHlwgtBpAMube* F*NWft*qWlQrOnwfIitvUrAPUfHrhMfCRyDMExCaISsXhO*dPXwmsnmiIQqaydfbveFiICkIKdbHJpkAnGmfuynCqdCOhhpClukTXuDHXePHuaHhhTmBsZeiCgwJ*LzhvSEpWmmbctUdbBkunlnmOvoUsYHfjhLebqtXdgxfZRHbtrUGcitqEHlw*BpAMube
FALSE
Case #23: gTQEtcuX*xKiMC*xnyCvQGSqUxEhdYyHrABpgovdzdqcT*jbDa*SuJWsidkJeZPtTtsXjTQTTYdUbCdxsgqnPMFypPiuoxniQFfzzvtSuwoUyQsrwjELvkkKAsfoQRxhXcHXybPsYDnWugnQpRDkCNUCGAQxsNePQLMpncHKGuGbAUspmvzojUQPviM* gTQE*uXFMgxKiMCQUxnyCvQGSqUxEhdYyHrABpgo*dzdqcTlZhjbDaHWqdSuJWsidkJeZPtT*XjTQTTYdUbCdxsgqnPMFypPiuoxniQFfzzvtSuwoUyQsrwjELvk*kKAsfoQRxhXc*ybPsYDnWugnQpRDkCNUCGAQxsNePQLMpncHKGuGbAUspmvzojUQPviM
FALSE
Case #24: oAoFlvfLjpAuiETZKPfaONIDhYLroFxChmiRHNDqCDkliekTtpTHDDKkbWBqCzsJlbBSOgJrjTcsynLRcFafIK*rAkqStBTu*iaDAkYcCwpNNRtNXCZMMGDnqtFJUADoIEsIOqlQmAEaR*PzNcmTFZJyFSSFwhNbZXppigbikc*iesUxxThWzaOEwvt*v oAoFlvf*Ljp*TZKPfaONIDhYLroFxC*HNDqCDkliekTtpTHDDKkbWBqCzsJlbBSOgJrjTcsynLRcFafIKOKHrAkqStBTuTiaDAkYcCwpNNRtNXCZMMGDnqtFJUADoIEsIOqlQmAEaRxOPzNcmTFZJyFSSFwhNbZXppigbikcbIqQ*iesUxxThWzaO*wvtYv
FALSE
Case #25: *EOCshavPWWkHDkSEafCAYMHJ*fNKxnrpRgsJNsgDNcNwfYOJxTmxrZfcESmcFDRXKkHyCncqppmuNbDlvPJMoooSHA*vnfn*pxsnzFOpUeCORDsDZHMmWbApIBKXGYHvUaIuFxJaBLoTqgxONkbjKCyueIQkgyF*dlfdmQrgGxdwKnxtZzSSdbJniHsIFg saGs*EOCshavPWWkHDkSEafCAYMHJfN*rpRgs*NsgDNcNwfYOJxTmxrZfcESmcFDRXKkHyCncqppmuNbDlvPJMoooSHAvnfnlpxsnzFOpUeCORDsDZHMmWbApIBKXGYHvUaIuFxJaBLoTqgxONkbjKCyueIQkgyFbYNUdlfdmQrgGxdwKnxtZzS*JniHs*Fg
FALSE
Case #26: *LEOoKPh*cEgmlTIliCDZArAUOKFemeonqsceCSlEXRrilatudXSdotYDfdHQiwfYOhcszNwwfNEq*rvdTjXRMBW*rxbgfCYEqUBUIFmXeWoZzHiwAvYWqPZhoaMSClXtgyoOEaMIwAHWjpsjkPfaFDhtDUmFgJymHNAmnnuJo*cFxRxgcnKCtojMRezXJ *BykBLEOoKPhcEgmlTIliCDZArAUOK*FemeonqsceCSlEXRrilatudXSdotYDfdHQiwfYOhcszNwwfNEqOxkrvdTjXRMBW*rxbgfCYEqUBUIFmXeWoZzHiwAvYWqPZhoaMSClXtgy*EaMIwAHWjpsjkPfaFDhtDUmFgJymHNAmnnuJocFxRxgcnKC*MRezXJ
FALSE
Case #27: wTZlNSAKCMyrLYkjGsBDTckfTpEEtBhpUgaIzASBMQ*DhWvjA*lkUFZZjtAP*XjdWjWXXNqUCuCyPLyFXiBBiAkbBajwwRAscWPyjgSLavKQhjWDRxEzyOazPIWmBWfdSUBBAuoBQ*xHNcZLGykwyJmifYjcdmuYnvZHJAYiRwqFYpreo*MkLuqKdRNpLm wTZlNSAKCMyrLYkjGsBDTckfTpEEtBhpUga*zASBMQ*TY*pDhWvjAql*ZjtAPiUXjdWjWXXN*CuCyPLyFXiBBiAkbBajwwRAscWPyjgSLavKQhjWDRxEzyOazPIWmBWfdSUBBAuoBQZRxHNcZLGykwyJmifYjcdmuYnvZHJAYiRwqFYpreobaMkLuqKdRNpLm
FALSE
Case #28: acaba*baa**a* b*****aaaaaaa
FALSE
Case #29: QfigQMAeg*RFKfIKqKjcziPYYOhZcegMuluBBG*NuKyzTJpeSrDAhBywJYynelIOf*PMmUaggYFaHUebMiBTjAqSypGcapqgzFSlASsGQxgZSKaFsBZBBqUzFBBFQrL*eAyXsEOQlnJvnONoNp*jlspcJArhFSfcljqBuDKPqzDFotWRdLBpeQQoQIUWBay *QfigQMAegRF*qKjcziPYYOhZcegMuluBBGcF**KyzTJpeSrDAhBywJYynelIOfkPMmUaggYFaHUebMiBTjAqSypGcapqgzFSlASsGQxgZSKaFsBZBBqUzFBBFQrLPXeAyXsEOQlnJvnONoNpQekqjlspcJArhFSfcl*uDKPqzDFotWRdLBpeQQoQIUWBay
FALSE
Case #30: TgFneCGXlRkalzheBdBIkbdZsaZN*yYKRerfHtlEeepfpOLtrpv*ZwCYpcwdAvNS*YjldnAHcqtWh*n*kfCmcFnxTFWyddxmpaZPHBFAXMJNuQbEweqyJDvdjrCMUzykZYzGzgGwSqkMHKQDOiBZlXcUNeHiDFRCDsIdyqZQgjeNUUrJdSiOplJDpQLtwEv *gFneCGXlRkalzheBdBIk*bdZsaZNyYKRerfHt*lEeepfpOLtrpvzZwCYpcwdAvNSZExhYjldnAHcqtWhirGhnkfCmcF*xTFWyddxmpaZPHBFAXMJNuQbEweqyJDvdjrCMUzykZYzGzgGwSqkMHKQDOiBZlXcUNeHi*FRCDsIdyqZQgjeNUUrJdSiOplJDpQLtwEv
FALSE
Case #31: a**b***aacaaa *aa**baa*ab*a
FALSE
Case #32: efaa*bb ef*
TRUE
Case #33: jM*xE*ymnpiCcGdsfIEPoFSQAzbQzBTNlglPbjCoYKqaQtSv*mPdfGdFhTfJOsuUdkvmMjkXAKotdJWAWL*hhaBLjPfDkHoGuApEYpOmJRvFSsQwTJdAKemtTQYfzmltmAxkQnwAEsFXkWSeGweQAqkviiAhTLAhLYQCKNCPgHmqEgT*KCYBdNLYWuyCoJCUWb jMxETymnpiCcGdsfIEPoFSQAzbQzBTNlglPbjCoYKqaQtSvcx*PdfGdFhTfJOsuUdkvmMjkXAKotdJWAWLecShhaBLjPfDkHoGuApEYpOmJR*vFSsQwTJdAKemtTQYfz*AxkQnwAEsFXkWSeGw*AqkviiAhTLAhLYQCKNCPg*gTKCYBdNLYWuyCoJCUWb
FALSE
Case #34: FWAtgeOcEBaPBbRikgewauuWiSUJDSHIpIdvmRxQSXGUZycIegfDA*iSvrwNzgdiIYT*ttQnRPpATvfyvfxDYsuTGTajBIiv*BwxON*ZTeuyCxWUSPBMQLOzTJjXqKTnaHaeWgePlYNnwJipzkBqvPqOAZLQjfDjnDN*yTpmhLWPAUaCmvsckSbvj FWAtgeOcEBaPBbRikgewauuWiSUJDSHIpIdvmRxQSXGuZycIegfDAzz*iSvrwNzgdiIYTAvKttQnRPpATvfyvfxDYsuTGTajBIivID**ONMeNgZTeuyCxWUSPBMQLOzTJjX*TnaHaeWgePlYNnwJipzkBqvPqOAZLQjf*nDNjjryTpmhLWPAUaCmvsckSbvj
FALSE
Case #35: LWlvomqYwr*AxCawYSJfT*KlGBNPMjciyNzwkqgawGxyGtx*AecTNKFZrGnhuwIcuxBqhsxiOe*FnLakLenFrYKQOsevMAfOvcQLjjjrxoxKzXWlAIqRgcIUuMqGNUUjXluGTExrSUdsRydsGtKMUtH*YvuTQdqcxXwBvNTPqmIoOAUIlHDfptLNoFhEiXhfU LW*mqYwrkqfAxCawYSJfTJiKlGBNPMjciyNzwkq*awGxyGtxAecTNKFZrGnhuwIcuxBqhsxiOeFnLakLenFrYKQOsevMAfOvcQLjjjrxoxKzXWlAIqRgcIUuMqGNUUjXluG*xrSUdsRydsGtKMUtHOGYvuTQdqcxXwBv*NTPqmIoOAUIlHDfptLNoFhEiXhfU*
FALSE
Case #36: WvJbdGi*lqrcrxJflhiaZSAYiEnPvqmqznuhvdIGSAikxSPizYjYQjWznkOIabaANTHIXPOPPYzMQpWqMEoeNJdbtrkuSJu*AQfPhCOTtEpjrTXUhHxIA*COpFPfFHKvonkHhOYqGRNbaUzIv*dfmIWsodCjQPSyXIwNOOBpOwOXrDxib*IJgXm WvJbdGijBlqrcrxJflhiaZSAYiEnPvqmqznuhvdI*kxSPizYjYQjWznkOIabaANTHIXPOPPYzMQpWq*eNJdbtrkuSJuGDBqAQfPhCOTtEpjrTXUhH**COpFPfFHKvon*OYqGRNbaUzIvpbQxdfmIWsodCjQPSyXIwNOOBpOwOXrDxibAooIJgXm
TRUE
Case #37: UtDEzaqiFtheudLSmGFxRheSfcXajcUeW*ivyyeerKjMnufzbLXTSAMyCJYMlTqhRZdrXGUprDBEYGeaRATlbgJdphpAbGitFlkCRfrIjsnhaQGrraCR*LUUTlwureNwpYyGDQpMjCtItbbkbDBHPw*JhyDyCsURPuYSKnFt*iADsbGTIwQmFYKkXocrFR* UtDEzaqiFtheudLSmGFxRhesfcXajcUeW*yivyyeerKjMnufzbLXTSAMyCJYMl*hRZdrXGUprDBEYGeaRATlbgJdphpAbGitFlkCRfrIjsnhaQGrraCRgLUUT*wureNwpYyGDQpMjCtItbbkbDBHPwCJhyDyCsURPuYSKnFtpzdiADsbGT*QmFYKkXocrFRl*El
FALSE
Case #38: mQFRjrwuMOK*mrqvJtZlsRYXJWMYidEAmWXgilRLHSgUJXPu*fIhCfQZRPhvThhpEoXPFIYYpsHmiBCxgKEJPUiikODDXksByqrDyO*bNhjaPKcnrmrACmIKXxNAuxTvXkNaIccXkKXaUzMmLeMoPvyMtLonkHJGRxgaZHXjsuIoT*AfZNu*jsCcEqqoYaup mQFRjrwuMOKCwBUmrqvJtZlsRYXJWMYidEAmWXgilrLH*SgUJXPuqo*fQZRPhvThhpEoXPFIYYpsHmiBCxgKEJPUiikODDXksByqrDyObNhjaPKcnrmrACmIKXxNAuxTvXkNaIccXkKXaUzMm*oPvyMtL*onkHJGRxgaZHXjsuIoTvAfZNuPjsCcEqqoYa*up
FALSE
Case #39: gKrgfgCGW*QqthrexYnByNoqPeoiJyZpEFRKBraK*QBoxSsuQGvOTkfjNSQysQNwwghxxhIsxkHvDzptgLizWMIJ*yQwuMcbkziSrfCZaFZqZfcGfxuNGANpyelSQnTBMBTegxDGCCXchyI*acdNrbSCTjPnKcofGUCkBEmYGS*RSFTwSmxloRvfEF gKrgfgCGWyPJeQqth*nByNoqPeoiJyZpEFRKBra*QBoxSsuQGvOTkfjNSQysQNwwghxxhIsxkHvdzptgLizWM*GAHyQwuMcbkziSrfCZaFZqZfcGfxuNGANpyelSQnTBMBTegxDGCCXchyILvCacdN*SCTjPnKcofGUCkBEmYGSwq*RSFTwSmxloRvfEF
FALSE
Case #40: cSvTNAZthsfvGRSWkCjJFsyNthbNLhuOzPinPGhwZmRfDlboNJY*tcwGUehjpo*SMBItIES*uxYZIzMwjkpLgvgkCpAQsefKqhtkpZdK*jeAWAkFpvLKBwMrXdJAjvrPobfMePiEymFumpaBKmL*ydfCnflIwbwxgJbwrgUElPQApSlBeXJdbOfoUqwQQsOwB cSvTNAZthsfvGRSWkC*syNthbNLhuOzPinPGhwZmRfDlboNJYtcwGUehj*poDDOSMBItIESuxYZIzMwjkpLgvgkCpAQsefKqhtkpZd*bjeAWAkFp*BwMrXdJAjvrPo*MePiEymFumpaBKmLmIydfCnflIwbwxgJbwrgUElPQApSlBeXJdbOfoUqwQQsOwB
FALSE
Case #41: OkAF*xUl*nNi*UAJNvWdAltuFxjPYOqqknlUezbimOqOkryYmubMFTGKrPaOfqEOdqJHPkPdzGRJYPhkkiYpBezSUzhzpLosBxzshqUGXmqUcXfmECBgHbycaFBORpGtMhltxgbTsQOuOtgtwhADHyfH*vDpHKBbHhcBatPTijbbfiBI*AnYFtUBOyQ OkAFbSuxUlQOGEnNiBUAJNvWdAltuFxjPYOqqknlUezbimOqOkryYmu*GKrPaOfqEOdqJHPkPdzGRJYPhkkiYpBezSUzhzpLosBxzshq*UGXmqUcXfmECBgHbycaF*ORpGtMhltx*bTsQOuOtgtwhADHyfHfgwwvDpHKBbHhc*PTijbbfiBIQAnYFtUBOyQ
FALSE
Case #42: SQjmlKBJcxsTvItWasoHmPZgsUIvzBARSJEeUgoXDgqzPkUpCIYOywWqreMqgnIywnCrSqoWxfvMpPcRzaHxwdO*moMKKaNdSe*oBvKNKaQDzqKYn*NEG*QmQEO*jjgykBIZnIPqIFAgSnsTGFYMhPEtgjIPsOoDPwcdfrSnXStqglJNQHaYXEsDobtgp *lKBJcxsTvItWas*ZgsUIvzBARSJEeUgoXDgqzPkUpCIYOywWqreMqg*nCrSqoWxfvMpPcRzaHxwdOnGBemoM*KKaNdSeQoBvKNKaQDzqKYnnmAtNEGcQQm*jgykBIZnIPqIFAgSnsTGFYMhPEtgjIPsOoDPwcdfrSnXStqglJNQHaYXEsDobtgp
FALSE
Case #43: E*HjbOyiYDlkLtmNpmIfcJGByyjN*hxuPGvefdcjoLUHZIxlrCNBIpzhYnwKTTfjBa*dqOrBKzASwmKZaLHOloNYKYRfeBGeOmHEcyhmxhfTtpstA*jLowJZucDYDJCRXkXZIDKGKPAfFTygShshDcGZDkXhUZzRjwqszbykqZpvsoCmvUSawzybKUH* *HHjbOyiYDlkLtm*pmIfc*JGByyjNOnhxuPGvefdcjoLUHZIxlrCNBIpzhYnwKTTfjBangdqOrBK*ASwmKZaLHOloNYKYRfeBGeOmHEcyhmxhfTtpstAzjLowJZucDYDJCRXkXZIDKGKPAfFTygShshD*GZDkXhUZzRjwqszbykqZpvsoCmvUSawzybKUHfUGX
FALSE
Case #44: kTbfcgzICempz*hNDhZtjXFForyebtghvL*GDOkpeKehEf*UqCDnHjbaHgbALHvxOaLZpqjtxnZlfGFWjjjRsKrzQRbCAwzpWmNmCYfzlDKQlqMTZvLrgCQwvryvOZKKKywMWcLiF*qmlllgwcnzsJUKIqZHAjRyGevi*DNLcEYMpISlKFKdqfnZUmgvwx kTbfcgzICempzNCubhNDhZt*jXFForyebtg*vLGDOkpeKehEfo*CDnHjbaHgbALHvxOaLZpqjtxnZlfGFWjjjR*sKrzQRbCAwzpWmNmCYfzlDKQlqMTZvLrgCQwvryvOZKKKywMWcLiFwZqmlllgwcnzsJUKIqZHAjRyG*DNLcEYMpISlKFKdqfnZUmgvwx
FALSE
Case #45: TJUOv*fTyUepoCrIEQ*aRWNnRhwmwsMhJJme*hiXUkodPESmDHmvezjWhFjDYvKigXmNDTLyfzBUfTGIBSfFRNcZtKCRFMzLjLAMfLKklmEqFlaiDEnwspUlzYCgKcrUnrhtdSdpfIfltftYjgTbWonvmPBYsTsFlzZpsCeYljjeO*Yivae*Xccuuv TJUOvAKrxfTyUepoCrIEQPXZpaRWNnRhwmwsMhJJmeihiXUkodPESmDHmvezjWh*FjDYvKigXmNDTLyfzBUfTGIBSfFRNcZ*RFMzLjLAMfLKklmEqFlaiDEnwspUlzYCgKcr*rhtdSdpfIfltftYjgTbWonvm*PBYsTsFlzZps*ljjeOccYivaeKMAXccuuv
FALSE
Case #46: ajzXlcRgxeGfQFBwicyuMKLlYFHtUeTUntrZvjETolyEqbbYdASpleBIJICENwZAprZlaDfoodTFDudHuWXf*YOkHrpUnNvCfvNFysTNWnSziWGCsEIScXCjNreAgadKvr*KhEYafFwLjOPrhSNjBBBGchgERBv*CJrCOYZbGnQxT*eLmf*NmxReyNMtS ajzXlcRgxeGfQFBwicyuMKLlYFHtUeTUnt*TolyEqbbYdASp*IJICENwZAprZlaDfoodTFDudHuWXfAYOkHrpUnNvCfvNFysTNWnSziWGCsE*cXCjNreAgadKvrqTjKhEYafFwLjO*h*NjBBBGchgERBvjUfTCJrCOYZbGnQxTjleLmfRNmxReyNMtS
FALSE
Case #47: a*ErOrkhYGkwFBRdtTocSuuCDYysSiRLjwCyoNFmTpiZqzBJtQmLKgooEMgxuykdUmBIzHutXcsNBUxuljgWPuJ*uGqRbOBfjOgSonMilPAZrUWMgFsBUNmpTChWQjAaYgsLu*UDMPZZwEsxzFjo*LWUcfUdCcvNWbIb*dEJsDIOIAMHgWwgisbkXwnzyjMu aSbErOrkhYGkwFBRdtTocSuuCDYysSiRLjwCyoNFmTpiZqzBJtQmLKg*gxuykdUmBIzHutXcsNBUxuljgWPuJuGqRbOBfjOgSonMilPAZrUWMgFsBUNm*ChWQjAaYgsLugT*vUDMPZZwEsxzFjozLWUcfUdCcvNW*bIbwdEJsDIOIAMHgWwgisbkXwn*jMu
FALSE
Case #48: HEkvDiEPcoLXUJwLbylhklzdrOsemzruDbPGjTwliiiesepScaaLlAodpGGcFYWjy*MsnuaQMDGGfGgRSGgWwncYSaTCYfrFKexxZ*laWrfCyXUfDqbQsZjRSlPYDUihRG*OvsOQjUSHrOnUEoLYovphGgFkbNstTYipPxFasz*jNufRJqPx*tLJdmYvF HEkvDiEPcoLXUJwLbylhklzdrOsemzruDb*wliiiesepScaaLlAodpGGcFYWjyLpHFMsnuaQMDGGfGgRSGgWwncYSaTCYfrFKexxZXplaWrfCyXUfDqbQsZjRSlPYDUihRGgOvsOQjUSH*o*LYovphGgFkbNstTYipPxFaszhjNufR*P*tLJdmYvF
FALSE
Case #49: xnyhrlEmqxgEEQPraterGDDYWyGeRB*poQWFBBsRyyXdOMTpGYgnCJlYjscAtTPHklNLMgdKeantniiTgoGiZrGH*cxKmIyYWecGHBUAOCIiIYOrwGYePgLtj*URctnFUUMwpoLRwtaujQqpoTfUF*ocyhD*IMOwJDkvUGOWBxmRmBmswRqahSyNwQHFD xnyhrlEmqxgEEQPraterGDDYWyGeRBrpoQWFBBsRy*yXdOMTpGYgnCJlYjscA*TPHkl**gdKeantniiTgoGiZrGHjIiCcxKmIyYWecGHBUAOCIiIYOrwGYePgLtjjeURctnFUUMwpoLRwtaujQq*oTfUFyeocyhDRTIMOwJDkvUGOWBxmRmBmswRqahSyNwQHFD
FALSE
Case #50: wIAkFrsluOMIpYqK*kIGW*pNJfOhOpQTgIEBxrJnOzYENbOwHKmSEBGOgwWUlmoR*SStkCGyBFepGslN*DxGiyo*saUFpMbifuShBrJhUZnolbrihzhvXMfOmATbMUJSPCartJyOJlCumTCSSJOPWTfjuZJiutAkvAbPlzeukGOWArOScDjxYoGsMQahkA wIAkFrsluOMIpYqKPnckIGWPLupNJfOhOpQ*IE*BxrJnOzYENb*OwHKmSEBGOgwWUlmoRW*kCGyBFepGslNDxGiyoXFksaUFpMbifuShBrJhUZnolbrihzhvXMfOmATbMUJSPCartJyOJlCumTCSSJOPWT*JiutAkvAbPlzeukGOWArOScDjxYoGsMQahkA
FALSE
