Case #1: A MP FVLCBWVXMDNSMEJ
Case #2: FWEGAXJC TXBPTU FOIQ
Case #3: ADUFNFB MIYHXSEWJ
Case #4: FHITZMTROAL SKIHDXMG
Case #5: CGGNBEIHSRFQFTHUWKPS
Case #6: I QPWHXGYD MWZKOJT
Case #7: BOCQVAWGRM ZHW J BTJ
Case #8: EDWBJDFTQBK ICULSBO
Case #9: HPBNOGV QD TLXOXAVUM
Case #10: MEJRUXCSODKHC MOZTOF
Case #11: BENMWLQUFY OXKK  K
Case #12: NX PNGOOYQSEZPUIKIJD
Case #13: JIMWSPMMYCQNSV LO AX
Case #14: M KIS AQIRSXFNKZLPGY
Case #15: YBOINUH NFWJTFVPK
Case #16: UN MRE  YKLTSQOWABD
Case #17: CZJXIEMPO GNAYOZ LWN
Case #18: IPUZQTGLKYRCAOTLKCUN
Case #19: BHEVWZSKMIGRJFY
Case #20: ZSIZLGHT COGQYXBVTB
Case #21: ZJNKFUXESSWVULXOM CI
Case #22: ALQFLGTBHEY ZRN JVX
Case #23: VFALMODXPO  GCWLRYHJ
Case #24: HLIPJMQVNGOZZSGKB
Case #25: YMBLXFVD KEJHTCWOPL
Case #26: LJXRMEP GZYN IS  FDS
Case #27: VDESPSINMOJAKGBCNA
Case #28: EFVI BHHTNLX CETPHYZ
Case #29: MWHXQHKVLT Y KGPSWN
Case #30: DBS XVIZCKQQIOTQFEKT
Case #31: SHAGUCWLTQODIPWMAXYV
Case #32: ELVPQHNLRMRKUT JJ
Case #33: DAQDK  LZEYBRFNXLV
Case #34: CZSYUIENPHKREGDTAXJ
Case #35: TMSWAVZ CUGJBTPOF S
Case #36: LSIVLFXJVPV EYAU WBR
Case #37: KHAFOSNUH IPWCDGJDVV
Case #38: HWNPWAVE RUDSWMRT
Case #39: CRFVKWXXTX NGQFLTUYL
Case #40: IOIMVYTQGEKPCD NHABB
Case #41: BVTUDZIAWZQRPAHOD M
Case #42: THHYDSFETN  UZVJA W
Case #43: SAEQYDNOSLYR FVWKDI
Case #44: QMEXHZXRAEBCP NUIPLC
Case #45: COGDRPXSYQU DNXHFU
Case #46: UMISGIY WHACYDQ GL
Case #47: YASFIMB FOZUKPRDYG T
Case #48: KGRZOFQVU LPJOSYALVJ
Case #49: HG CRLY ZJS PSI BFAM
Case #50: HF OUTVQAOWKNDLIIJKZ
Case #51: ODPVKFAGVRZTXCM Q R
Case #52: GHG RDE FVRNPUZKCQ
Case #53: GV AWHBDFJXMNXXZQ
Case #54: NYQSOMFIJZT PBDS
Case #55: WSGUFELJBOEWZCKYR  V
Case #56: ILMRXSEF CFUZTFNB
Case #57: D JUJMTFHBW OSALJZA
Case #58: A AB C
Case #59: QTEYXQ JVAVWZIAOYUGC
Case #60: VNFLEXZ XE BUV IJWPY
Case #61: RVD NYKFYJSEPPXINBIQ
Case #62: BCIPOLIFC TWEYAVFX
Case #63: ZCYH AAFKRWVLMPBUUVI
Case #64: IYCJYFGSQX KIALW RNA
Case #65: DARMNNIZQYJTSOWUX WP
Case #66: B CQTSDULGKNPYID V
Case #67: AKINHTSOWPVGPUKS DLB
Case #68: DZOY  ICAWRPQ TMIHVS
Case #69: DTWBTVFPUDIC EZTAW
Case #70: CO NGVGBMYMUTFMQPFQX
Case #71: CQJDHD WXED BNAKGV
Case #72: UJHUNCBEBTQMDFWJIKXP
Case #73: JOHNSON
Case #74: DCWNVV UKXOBGSE   TJ
Case #75: GXMWVFSOUUJE EMFZCK
Case #76: I ISA EDPNYFMEQUZ V
Case #77: B QNAOUFEH VKFDWPP
Case #78: CDZUIBPZVKTOJAEGJ KS
Case #79: BPSQCJXZFCK IDVT
Case #80: BZ IWGQLFDKCIJCYX
Case #81: H CFNVKXRPU CAMELNZU
Case #82: CYXD QLLBPFUBWE MHX
Case #83: GIWNDBFAHV WTXSCB P
Case #84: I SWGCLV MITGNOUZ K
Case #85: BG  UJEYEHWOIIKPVGFL
Case #86: IKWFX ABU QRDVCAMNWM
Case #87: HWDUXRPL G YOOQAVJMP
Case #88: EQXLDI RSYPZV ECWANN
Case #89: BT USYJPGNOVERU MZU
Case #90: SEVMX CAYTFKBV MNDR
Case #91: TZRCQUXUABVMWCFT XKS
Case #92: JYUAVDIRN BMSYIHIS
Case #93: JVPH OGD  K  AXMFABE
Case #94: OCKDTLPQZ G ISRJHQSA
Case #95: KQGJCVFFRZTJPNIA AS
Case #96: T PKSHXTZ JWRKYPGDA
Case #97: B H EYT FXD QOAVLN
Case #98: ENZNCABVXQLJYWNIAST
Case #99: EZUO ANJ TSILP FRXFN
Case #100: TN EUGCWLAZKFFRJMV
