Case #1: HZMEVLBCQLNAFBXGAIH
Case #2: QADVSZNUFGBWZNIITTY
Case #3: EIIYKUOBVTLRJKGHFT
Case #4: VSIPMDNFEJOGDLQBHA
Case #5: BIILSDGUCNUYOWRRHZK
Case #6: BKOKSGKDSQXOCEXMULIN
Case #7: OTDWRBNGGVKIQSRDPZL
Case #8: CKGJITODYAULNCOQEER
Case #9: NUIMMRCQCFGKXATBDWE
Case #10: VRKLIVBUQCDYSCNAGHXO
Case #11: EHYQXWUQBNILTNJCAO
Case #12: LTUTKZRFQRJCSVPXUEGX
Case #13: VKQNLUUGQMAYBDEVWMIC
Case #14: IXGYHDQSAFYVLMIAEZK
Case #15: CWIQJXPKOOOZUSMDUDB
Case #16: FXMPEQEZDXYEBGNZSWIC
Case #17: CXPLUHSTVARKQZOJP
Case #18: SULEZXUOHYRQEVLCPTAK
Case #19: ICAPNZFBILBHDQNQOJY
Case #20: VMOUPCIGFDKATAPEAH
Case #21: TAMZMIQDOGBEKSSLTW
Case #22: ULCKKQETCCIAKDJPXWVF
Case #23: QHGAUVHMOJZNXTZYUDPW
Case #24: DXWVNBFPXOLIUQTSFSMY
Case #25: OPJYCLOCUADQXDFBI
Case #26: BJVUXBKQEAIFYNCEMS
Case #27: IZDHXLKUZSGXSNTYWEAQ
Case #28: YELXMPWYAVVACOUDQGAJ
Case #29: KDXPZPQCRAWHHLNTJF
Case #30: NLKLPJDBQIRXMWQFUCZ
Case #31: RKALZBDHEJMFDHCYOH
Case #32: IVPHNACOOODHELQGKRAZ
Case #33: JBCLKGNXNPHASROQEIWW
Case #34: YFNSDSIGROMOJIHLUYZ
Case #35: CMTZULMBDFZYESGGXFKA
Case #36: POSOULVOGYGYZJTRQGBC
Case #37: GPZNWAAIOISEXRJBFJKZ
Case #38: BCTKBLTJUGMNZOEHTPFR
Case #39: COHDMVEPRQSRKPJIQWL
Case #40: DDPDCUUZVORPHGXIAE
Case #41: DHHJFKSMGTFSZLCXIFO
Case #42: DGQECWVOUDQIOZZAEMPU
Case #43: JOHNSON
Case #44: QGBHVFKAQRZGIPECDZ
Case #45: DUIYONPBILHJCSXHVAL
Case #46: KHFLAMONFDXXQFAVZUEW
Case #47: AKIETXXEHSGCYLQULIVP
Case #48: ISTBCERJFMZWUHGKXJJC
Case #49: OEJPMWLNCTUSZSFDQD
Case #50: GKNHWUYQMEQSVPFIZU
Case #51: OXUUYJVIYZJFTAWMEZQB
Case #52: HWJIKRVDSTIQJUVYXSME
Case #53: XUJPLBFWIQZVETRLLZKL
Case #54: MPOSZBCLAETMCDXEFUHL
Case #55: JGTXMFCBEPUINJTRYAHH
Case #56: SSCUFDIOTIHYGPXWUALK
Case #57: DCNPKTCSREMZFPGXASJW
Case #58: NBKDJRUMPLISAPFEFYN
Case #59: KPUYWVZZMSRSXEGUFLAR
Case #60: GMIQXCREWFHWIPXYKDCA
Case #61: MUQCKFDEOQTNMEHSSIGJ
Case #62: GWEXZOVWTIHKMBGLDWFP
Case #63: BQURTSYCIVRSENTXLAKM
Case #64: LBSLDAFHTETIOWGVPQJ
Case #65: IQSVMIMRCFOZEKTGLIN
Case #66: DLZTIAJFBNKYRKLVWIR
Case #67: KNYIWPZMOYTGSVC
Case #68: KGHLPIANSXBKTOPFYUER
Case #69: VLFXDQKPSCZWJUOKCTIZ
Case #70: CNQLADVJEHHGAPMWUB
Case #71: NXSATBPTVKEAIZUEDJW
Case #72: TSYICUXNRNZVAIMOADBK
Case #73: SWIXWKRLADJQEZTVASOF
Case #74: PCJSCNLDQITXHFUANRCZ
Case #75: FGDHWOHIJELPIVNSRXQ
Case #76: UISMBFCNRQOUTGIXPVC
Case #77: BGAURCCVFLHJDTYHZRPM
Case #78: ZPCLVMYZROSJRKEUNUG
Case #79: OIGUTPFJRNZCBYKZX
Case #80: AISCZUELQBGIOKYJLI
Case #81: BLMDCRPGQEIXYMOZU
Case #82: IBOEVHPMOWGGFUZIQXE
Case #83: ZTNMBVYOMGYCUPYAYQRL
Case #84: NWDEKFYOYURBCWSZHRPO
Case #85: BXEQSFUKCARDWMZNDP
Case #86: GPIHEBKRUYGADRSMRJR
Case #87: ROGZWWXTJHCRPSUKNHKL
Case #88: JOXAQIKUMWTLEVPNOCM
Case #89: GPOAOCIJRSHOOEMUHXNF
Case #90: EAJUDYISBWXOTMKXKRBT
Case #91: GXQFXPJEXRLBSDUWMFIO
Case #92: WFTJCODVHRQZEHMKGXIH
Case #93: XYMWFNPSNHKCTRFUEGX
Case #94: CKCLLHBFDXZUTOENSETZ
Case #95: CXKMGCJCISZVFEYLIEA
Case #96: JUPEGRXBGUSWAZQIVCGK
Case #97: FNWQDKARJCSYVGPUY
Case #98: JZPSYTXHGXKCGITGRUMB
Case #99: YGXBAFMVNRZISGJALH
Case #100: NBRWFXKPASJDOGBNVFBZ
